{
  "stats": {
    "suites": 1,
    "tests": 3,
    "passes": 3,
    "pending": 0,
    "failures": 0,
    "start": "2025-09-04T18:24:12.752Z",
    "end": "2025-09-04T18:24:18.880Z",
    "duration": 6128,
    "testsRegistered": 3,
    "passPercent": 100,
    "pendingPercent": 0,
    "other": 0,
    "hasOther": false,
    "skipped": 0,
    "hasSkipped": false
  },
  "results": [
    {
      "uuid": "19b5d6b9-c803-4ceb-b8d2-bdba24217f20",
      "title": "",
      "fullFile": "cypress/e2e/auth/00_smoke.cy.js",
      "file": "cypress/e2e/auth/00_smoke.cy.js",
      "beforeHooks": [],
      "afterHooks": [],
      "tests": [],
      "suites": [
        {
          "uuid": "d6173b59-64fe-44ec-ac86-64f74eb64850",
          "title": "Smoke",
          "fullFile": "",
          "file": "",
          "beforeHooks": [],
          "afterHooks": [],
          "tests": [
            {
              "title": "Home link visible",
              "fullTitle": "Smoke Home link visible",
              "timedOut": null,
              "duration": 706,
              "state": "passed",
              "speed": "fast",
              "pass": true,
              "fail": false,
              "pending": false,
              "context": "[\n  {\n    \"title\": \"cypress-mochawesome-reporter-videos-passed\",\n    \"value\": \"cypress/e2e/auth/00_smoke.cy.js\"\n  },\n  {\n    \"title\": \"cypress-mochawesome-reporter-screenshots\",\n    \"value\": [\n      [\n        \"/00_smoke.cy.js/Smoke_Home_link_visible.png\"\n      ]\n    ]\n  }\n]",
              "code": "cy.contains('a', /home/i).should('be.visible');",
              "err": {},
              "uuid": "0fb090f2-b51a-457f-ae16-0516bb5e753f",
              "parentUUID": "d6173b59-64fe-44ec-ac86-64f74eb64850",
              "isHook": false,
              "skipped": false
            },
            {
              "title": "Login link visible",
              "fullTitle": "Smoke Login link visible",
              "timedOut": null,
              "duration": 405,
              "state": "passed",
              "speed": "fast",
              "pass": true,
              "fail": false,
              "pending": false,
              "context": "[\n  {\n    \"title\": \"cypress-mochawesome-reporter-videos-passed\",\n    \"value\": \"cypress/e2e/auth/00_smoke.cy.js\"\n  },\n  {\n    \"title\": \"cypress-mochawesome-reporter-screenshots\",\n    \"value\": [\n      [\n        \"/00_smoke.cy.js/Smoke_Login_link_visible.png\"\n      ]\n    ]\n  }\n]",
              "code": "cy.contains('a', /login|sign in/i).should('be.visible');",
              "err": {},
              "uuid": "4906d3e7-5e79-4a78-9204-7a8de077e282",
              "parentUUID": "d6173b59-64fe-44ec-ac86-64f74eb64850",
              "isHook": false,
              "skipped": false
            },
            {
              "title": "Register link visible",
              "fullTitle": "Smoke Register link visible",
              "timedOut": null,
              "duration": 276,
              "state": "passed",
              "speed": "fast",
              "pass": true,
              "fail": false,
              "pending": false,
              "context": "[\n  {\n    \"title\": \"cypress-mochawesome-reporter-videos-passed\",\n    \"value\": \"cypress/e2e/auth/00_smoke.cy.js\"\n  },\n  {\n    \"title\": \"cypress-mochawesome-reporter-screenshots\",\n    \"value\": [\n      [\n        \"/00_smoke.cy.js/Smoke_Register_link_visible.png\"\n      ]\n    ]\n  }\n]",
              "code": "cy.contains('a', /register|sign up|create account/i).should('be.visible');",
              "err": {},
              "uuid": "88fcbffb-8049-4e2f-8c33-9b48bfcf07e6",
              "parentUUID": "d6173b59-64fe-44ec-ac86-64f74eb64850",
              "isHook": false,
              "skipped": false
            }
          ],
          "suites": [],
          "passes": [
            "0fb090f2-b51a-457f-ae16-0516bb5e753f",
            "4906d3e7-5e79-4a78-9204-7a8de077e282",
            "88fcbffb-8049-4e2f-8c33-9b48bfcf07e6"
          ],
          "failures": [],
          "pending": [],
          "skipped": [],
          "duration": 1387,
          "root": false,
          "rootEmpty": false,
          "_timeout": 2000
        }
      ],
      "passes": [],
      "failures": [],
      "pending": [],
      "skipped": [],
      "duration": 0,
      "root": true,
      "rootEmpty": true,
      "_timeout": 2000
    }
  ],
  "meta": {
    "mocha": {
      "version": "7.0.1"
    },
    "mochawesome": {
      "options": {
        "quiet": false,
        "reportFilename": "00_smoke",
        "saveHtml": false,
        "saveJson": true,
        "consoleReporter": "spec",
        "useInlineDiffs": false,
        "code": true
      },
      "version": "7.1.3"
    },
    "marge": {
      "options": {
        "reportDir": "cypress/reports/auth-json",
        "reportFilename": "00_smoke",
        "charts": true,
        "embeddedScreenshots": true,
        "inlineAssets": true,
        "saveJson": true,
        "overwrite": true,
        "html": false,
        "json": true
      },
      "version": "6.2.0"
    }
  }
}