{
  "stats": {
    "suites": 1,
    "tests": 2,
    "passes": 2,
    "pending": 0,
    "failures": 0,
    "start": "2025-09-04T18:25:04.467Z",
    "end": "2025-09-04T18:25:10.028Z",
    "duration": 5561,
    "testsRegistered": 2,
    "passPercent": 100,
    "pendingPercent": 0,
    "other": 0,
    "hasOther": false,
    "skipped": 0,
    "hasSkipped": false
  },
  "results": [
    {
      "uuid": "9a8181b9-62e0-4283-acef-99041e93c6d0",
      "title": "",
      "fullFile": "cypress/e2e/auth/12_login-negative.cy.js",
      "file": "cypress/e2e/auth/12_login-negative.cy.js",
      "beforeHooks": [],
      "afterHooks": [],
      "tests": [],
      "suites": [
        {
          "uuid": "882d0c83-0639-4a60-93f6-32c1ed8a200f",
          "title": "Auth - Login Negative",
          "fullFile": "",
          "file": "",
          "beforeHooks": [],
          "afterHooks": [],
          "tests": [
            {
              "title": "Refuse invalid password",
              "fullTitle": "Auth - Login Negative Refuse invalid password",
              "timedOut": null,
              "duration": 1723,
              "state": "passed",
              "speed": "fast",
              "pass": true,
              "fail": false,
              "pending": false,
              "context": "[\n  {\n    \"title\": \"cypress-mochawesome-reporter-videos-passed\",\n    \"value\": \"cypress/e2e/auth/12_login-negative.cy.js\"\n  },\n  {\n    \"title\": \"cypress-mochawesome-reporter-screenshots\",\n    \"value\": [\n      [\n        \"/12_login-negative.cy.js/Auth_-_Login_Negative_Refuse_invalid_password.png\"\n      ]\n    ]\n  }\n]",
              "code": "cy.loginNegative({\n  email: _data.default.user.email,\n  password: 'Wro!12345'\n});",
              "err": {},
              "uuid": "d3d6d0b9-4019-4346-821d-d45a871de211",
              "parentUUID": "882d0c83-0639-4a60-93f6-32c1ed8a200f",
              "isHook": false,
              "skipped": false
            },
            {
              "title": "Refuse invalid email",
              "fullTitle": "Auth - Login Negative Refuse invalid email",
              "timedOut": null,
              "duration": 1327,
              "state": "passed",
              "speed": "fast",
              "pass": true,
              "fail": false,
              "pending": false,
              "context": "[\n  {\n    \"title\": \"cypress-mochawesome-reporter-videos-passed\",\n    \"value\": \"cypress/e2e/auth/12_login-negative.cy.js\"\n  },\n  {\n    \"title\": \"cypress-mochawesome-reporter-screenshots\",\n    \"value\": [\n      [\n        \"/12_login-negative.cy.js/Auth_-_Login_Negative_Refuse_invalid_email.png\"\n      ]\n    ]\n  }\n]",
              "code": "cy.loginNegative({\n  email: 'n' + _data.default.user.email,\n  password: _data.default.user.password\n});",
              "err": {},
              "uuid": "43118750-4be3-4892-9f7d-edfd7c1b39b8",
              "parentUUID": "882d0c83-0639-4a60-93f6-32c1ed8a200f",
              "isHook": false,
              "skipped": false
            }
          ],
          "suites": [],
          "passes": [
            "d3d6d0b9-4019-4346-821d-d45a871de211",
            "43118750-4be3-4892-9f7d-edfd7c1b39b8"
          ],
          "failures": [],
          "pending": [],
          "skipped": [],
          "duration": 3050,
          "root": false,
          "rootEmpty": false,
          "_timeout": 2000
        }
      ],
      "passes": [],
      "failures": [],
      "pending": [],
      "skipped": [],
      "duration": 0,
      "root": true,
      "rootEmpty": true,
      "_timeout": 2000
    }
  ],
  "meta": {
    "mocha": {
      "version": "7.0.1"
    },
    "mochawesome": {
      "options": {
        "quiet": false,
        "reportFilename": "12_login-negative",
        "saveHtml": false,
        "saveJson": true,
        "consoleReporter": "spec",
        "useInlineDiffs": false,
        "code": true
      },
      "version": "7.1.3"
    },
    "marge": {
      "options": {
        "reportDir": "cypress/reports/auth-json",
        "reportFilename": "12_login-negative",
        "charts": true,
        "embeddedScreenshots": true,
        "inlineAssets": true,
        "saveJson": true,
        "overwrite": true,
        "html": false,
        "json": true
      },
      "version": "6.2.0"
    }
  }
}