{
  "stats": {
    "suites": 1,
    "tests": 1,
    "passes": 1,
    "pending": 0,
    "failures": 0,
    "start": "2025-09-04T18:25:21.536Z",
    "end": "2025-09-04T18:25:25.801Z",
    "duration": 4265,
    "testsRegistered": 1,
    "passPercent": 100,
    "pendingPercent": 0,
    "other": 0,
    "hasOther": false,
    "skipped": 0,
    "hasSkipped": false
  },
  "results": [
    {
      "uuid": "611bc546-1f3f-4395-a26e-70bff181ecbc",
      "title": "",
      "fullFile": "cypress/e2e/auth/13_logout.cy.js",
      "file": "cypress/e2e/auth/13_logout.cy.js",
      "beforeHooks": [],
      "afterHooks": [],
      "tests": [],
      "suites": [
        {
          "uuid": "8bb64f1c-d19e-4fec-9566-8557af3c5ab1",
          "title": "Auth - Logout",
          "fullFile": "",
          "file": "",
          "beforeHooks": [],
          "afterHooks": [],
          "tests": [
            {
              "title": "User can logout",
              "fullTitle": "Auth - Logout User can logout",
              "timedOut": null,
              "duration": 2511,
              "state": "passed",
              "speed": "fast",
              "pass": true,
              "fail": false,
              "pending": false,
              "context": "[\n  {\n    \"title\": \"cypress-mochawesome-reporter-videos-passed\",\n    \"value\": \"cypress/e2e/auth/13_logout.cy.js\"\n  },\n  {\n    \"title\": \"cypress-mochawesome-reporter-screenshots\",\n    \"value\": [\n      [\n        \"/13_logout.cy.js/Auth_-_Logout_User_can_logout.png\"\n      ]\n    ]\n  }\n]",
              "code": "cy.login(_data.default.user.email, _data.default.user.password);\ncy.logout();",
              "err": {},
              "uuid": "7faf4d65-0f61-4d16-882a-8754ce595191",
              "parentUUID": "8bb64f1c-d19e-4fec-9566-8557af3c5ab1",
              "isHook": false,
              "skipped": false
            }
          ],
          "suites": [],
          "passes": [
            "7faf4d65-0f61-4d16-882a-8754ce595191"
          ],
          "failures": [],
          "pending": [],
          "skipped": [],
          "duration": 2511,
          "root": false,
          "rootEmpty": false,
          "_timeout": 2000
        }
      ],
      "passes": [],
      "failures": [],
      "pending": [],
      "skipped": [],
      "duration": 0,
      "root": true,
      "rootEmpty": true,
      "_timeout": 2000
    }
  ],
  "meta": {
    "mocha": {
      "version": "7.0.1"
    },
    "mochawesome": {
      "options": {
        "quiet": false,
        "reportFilename": "13_logout",
        "saveHtml": false,
        "saveJson": true,
        "consoleReporter": "spec",
        "useInlineDiffs": false,
        "code": true
      },
      "version": "7.1.3"
    },
    "marge": {
      "options": {
        "reportDir": "cypress/reports/auth-json",
        "reportFilename": "13_logout",
        "charts": true,
        "embeddedScreenshots": true,
        "inlineAssets": true,
        "saveJson": true,
        "overwrite": true,
        "html": false,
        "json": true
      },
      "version": "6.2.0"
    }
  }
}