{
  "stats": {
    "suites": 1,
    "tests": 1,
    "passes": 1,
    "pending": 0,
    "failures": 0,
    "start": "2025-09-04T18:36:23.108Z",
    "end": "2025-09-04T18:36:31.968Z",
    "duration": 8860,
    "testsRegistered": 1,
    "passPercent": 100,
    "pendingPercent": 0,
    "other": 0,
    "hasOther": false,
    "skipped": 0,
    "hasSkipped": false
  },
  "results": [
    {
      "uuid": "8ef9b663-fba7-45bb-910d-8b72b170ba52",
      "title": "",
      "fullFile": "cypress/e2e/tasks/21_edit-toggle.cy.js",
      "file": "cypress/e2e/tasks/21_edit-toggle.cy.js",
      "beforeHooks": [],
      "afterHooks": [],
      "tests": [],
      "suites": [
        {
          "uuid": "36c40189-64c4-4ede-b93c-089fbdbb5da7",
          "title": "Tasks - Edit & Toggle",
          "fullFile": "",
          "file": "",
          "beforeHooks": [],
          "afterHooks": [],
          "tests": [
            {
              "title": "Edit title then toggle",
              "fullTitle": "Tasks - Edit & Toggle Edit title then toggle",
              "timedOut": null,
              "duration": 6911,
              "state": "passed",
              "speed": "medium",
              "pass": true,
              "fail": false,
              "pending": false,
              "context": "[\n  {\n    \"title\": \"cypress-mochawesome-reporter-videos-passed\",\n    \"value\": \"cypress/e2e/tasks/21_edit-toggle.cy.js\"\n  },\n  {\n    \"title\": \"cypress-mochawesome-reporter-screenshots\",\n    \"value\": [\n      [\n        \"/21_edit-toggle.cy.js/Tasks_-_Edit_Toggle_Edit_title_then_toggle.png\"\n      ]\n    ]\n  }\n]",
              "code": "const t1 = `Task_${Date.now()}`;\nconst t2 = `${t1}_edited`;\ncy.login(_data.default.user.email, _data.default.user.password);\ncy.createTask({\n  title: t1,\n  description: 'D',\n  dueDate: (0, _utils.futureDate)(4),\n  priority: 'Low'\n});\ncy.editTask(t1, {\n  title: t2,\n  priority: 'High'\n});\ncy.contains(t2).should('be.visible');\ncy.toggleTask(t2);\ncy.contains(t2).should('be.visible');",
              "err": {},
              "uuid": "9d05d480-c96c-42d3-b6f1-267cbdb2785a",
              "parentUUID": "36c40189-64c4-4ede-b93c-089fbdbb5da7",
              "isHook": false,
              "skipped": false
            }
          ],
          "suites": [],
          "passes": [
            "9d05d480-c96c-42d3-b6f1-267cbdb2785a"
          ],
          "failures": [],
          "pending": [],
          "skipped": [],
          "duration": 6911,
          "root": false,
          "rootEmpty": false,
          "_timeout": 2000
        }
      ],
      "passes": [],
      "failures": [],
      "pending": [],
      "skipped": [],
      "duration": 0,
      "root": true,
      "rootEmpty": true,
      "_timeout": 2000
    }
  ],
  "meta": {
    "mocha": {
      "version": "7.0.1"
    },
    "mochawesome": {
      "options": {
        "quiet": false,
        "reportFilename": "21_edit-toggle",
        "saveHtml": false,
        "saveJson": true,
        "consoleReporter": "spec",
        "useInlineDiffs": false,
        "code": true
      },
      "version": "7.1.3"
    },
    "marge": {
      "options": {
        "reportDir": "cypress/reports/tasks-json",
        "reportFilename": "21_edit-toggle",
        "charts": true,
        "embeddedScreenshots": true,
        "inlineAssets": true,
        "saveJson": true,
        "overwrite": true,
        "html": false,
        "json": true
      },
      "version": "6.2.0"
    }
  }
}