{
  "stats": {
    "suites": 1,
    "tests": 1,
    "passes": 1,
    "pending": 0,
    "failures": 0,
    "start": "2025-09-04T18:38:18.324Z",
    "end": "2025-09-04T18:38:28.698Z",
    "duration": 10374,
    "testsRegistered": 1,
    "passPercent": 100,
    "pendingPercent": 0,
    "other": 0,
    "hasOther": false,
    "skipped": 0,
    "hasSkipped": false
  },
  "results": [
    {
      "uuid": "01248197-4ab7-49b4-8257-5ef337b92b8c",
      "title": "",
      "fullFile": "cypress/e2e/tasks/24_special.cy.js",
      "file": "cypress/e2e/tasks/24_special.cy.js",
      "beforeHooks": [],
      "afterHooks": [],
      "tests": [],
      "suites": [
        {
          "uuid": "8120caf6-a1a1-49b3-92e8-a89c8f79b92e",
          "title": "Tasks - Special Characters",
          "fullFile": "",
          "file": "",
          "beforeHooks": [],
          "afterHooks": [],
          "tests": [
            {
              "title": "stores & displays special chars",
              "fullTitle": "Tasks - Special Characters stores & displays special chars",
              "timedOut": null,
              "duration": 7522,
              "state": "passed",
              "speed": "medium",
              "pass": true,
              "fail": false,
              "pending": false,
              "context": "[\n  {\n    \"title\": \"cypress-mochawesome-reporter-videos-passed\",\n    \"value\": \"cypress/e2e/tasks/24_special.cy.js\"\n  },\n  {\n    \"title\": \"cypress-mochawesome-reporter-screenshots\",\n    \"value\": [\n      [\n        \"/24_special.cy.js/Tasks_-_Special_Characters_stores_displays_special_chars.png\"\n      ]\n    ]\n  }\n]",
              "code": "const title = `Spec_€_✓_${Date.now()}`;\ncy.login(_data.default.user.email, _data.default.user.password);\ncy.createTask({\n  title,\n  description: '£_@_#_*_()',\n  dueDate: (0, _utils.futureDate)(5),\n  priority: 'High'\n});\ncy.contains(title, {\n  includeShadowDom: true,\n  timeout: 10000\n}).should('be.visible');",
              "err": {},
              "uuid": "f0bed388-e9ce-46ca-9d92-61904a542941",
              "parentUUID": "8120caf6-a1a1-49b3-92e8-a89c8f79b92e",
              "isHook": false,
              "skipped": false
            }
          ],
          "suites": [],
          "passes": [
            "f0bed388-e9ce-46ca-9d92-61904a542941"
          ],
          "failures": [],
          "pending": [],
          "skipped": [],
          "duration": 7522,
          "root": false,
          "rootEmpty": false,
          "_timeout": 2000
        }
      ],
      "passes": [],
      "failures": [],
      "pending": [],
      "skipped": [],
      "duration": 0,
      "root": true,
      "rootEmpty": true,
      "_timeout": 2000
    }
  ],
  "meta": {
    "mocha": {
      "version": "7.0.1"
    },
    "mochawesome": {
      "options": {
        "quiet": false,
        "reportFilename": "24_special",
        "saveHtml": false,
        "saveJson": true,
        "consoleReporter": "spec",
        "useInlineDiffs": false,
        "code": true
      },
      "version": "7.1.3"
    },
    "marge": {
      "options": {
        "reportDir": "cypress/reports/tasks-json",
        "reportFilename": "24_special",
        "charts": true,
        "embeddedScreenshots": true,
        "inlineAssets": true,
        "saveJson": true,
        "overwrite": true,
        "html": false,
        "json": true
      },
      "version": "6.2.0"
    }
  }
}